<?xml version="1.0" encoding="UTF-8"?>
<testsuite name="com.jojoldu.book.springboot.web.IndexControllerTest" tests="1" skipped="0" failures="0" errors="0" timestamp="2022-12-03T15:02:44" hostname="LAPTOP-0INIQ0TT" time="0.159">
  <properties/>
  <testcase name="메인페이지_로딩" classname="com.jojoldu.book.springboot.web.IndexControllerTest" time="0.159"/>
  <system-out><![CDATA[2022-12-04 00:02:42.587  INFO 5728 --- [    Test worker] .b.t.c.SpringBootTestContextBootstrapper : Neither @ContextConfiguration nor @ContextHierarchy found for test class [com.jojoldu.book.springboot.web.IndexControllerTest], using SpringBootContextLoader
2022-12-04 00:02:42.588  INFO 5728 --- [    Test worker] o.s.t.c.support.AbstractContextLoader    : Could not detect default resource locations for test class [com.jojoldu.book.springboot.web.IndexControllerTest]: no resource found for suffixes {-context.xml, Context.groovy}.
2022-12-04 00:02:42.588  INFO 5728 --- [    Test worker] t.c.s.AnnotationConfigContextLoaderUtils : Could not detect default configuration classes for test class [com.jojoldu.book.springboot.web.IndexControllerTest]: IndexControllerTest does not declare any static, non-private, non-final, nested classes annotated with @Configuration.
2022-12-04 00:02:42.589  INFO 5728 --- [    Test worker] .b.t.c.SpringBootTestContextBootstrapper : Found @SpringBootConfiguration com.jojoldu.book.springboot.Application for test class com.jojoldu.book.springboot.web.IndexControllerTest
2022-12-04 00:02:42.591  INFO 5728 --- [    Test worker] .b.t.c.SpringBootTestContextBootstrapper : Loaded default TestExecutionListener class names from location [META-INF/spring.factories]: [org.springframework.security.test.context.support.WithSecurityContextTestExecutionListener, org.springframework.security.test.context.support.ReactorContextTestExecutionListener, org.springframework.boot.test.autoconfigure.restdocs.RestDocsTestExecutionListener, org.springframework.boot.test.autoconfigure.web.client.MockRestServiceServerResetTestExecutionListener, org.springframework.boot.test.autoconfigure.web.servlet.MockMvcPrintOnlyOnFailureTestExecutionListener, org.springframework.boot.test.autoconfigure.web.servlet.WebDriverTestExecutionListener, org.springframework.boot.test.mock.mockito.MockitoTestExecutionListener, org.springframework.boot.test.mock.mockito.ResetMocksTestExecutionListener, org.springframework.test.context.web.ServletTestExecutionListener, org.springframework.test.context.support.DirtiesContextBeforeModesTestExecutionListener, org.springframework.test.context.support.DependencyInjectionTestExecutionListener, org.springframework.test.context.support.DirtiesContextTestExecutionListener, org.springframework.test.context.transaction.TransactionalTestExecutionListener, org.springframework.test.context.jdbc.SqlScriptsTestExecutionListener]
2022-12-04 00:02:42.591  INFO 5728 --- [    Test worker] .b.t.c.SpringBootTestContextBootstrapper : Using TestExecutionListeners: [org.springframework.test.context.web.ServletTestExecutionListener@2a19ce0b, org.springframework.test.context.support.DirtiesContextBeforeModesTestExecutionListener@75cca6ec, org.springframework.boot.test.mock.mockito.MockitoTestExecutionListener@7b0609c, org.springframework.boot.test.autoconfigure.SpringBootDependencyInjectionTestExecutionListener@8dedca8, org.springframework.test.context.support.DirtiesContextTestExecutionListener@6cd3222e, org.springframework.test.context.transaction.TransactionalTestExecutionListener@7cb8129e, org.springframework.test.context.jdbc.SqlScriptsTestExecutionListener@78883915, org.springframework.security.test.context.support.WithSecurityContextTestExecutionListener@64d9130, org.springframework.security.test.context.support.ReactorContextTestExecutionListener@737a1185, org.springframework.boot.test.autoconfigure.restdocs.RestDocsTestExecutionListener@4f6ad196, org.springframework.boot.test.autoconfigure.web.client.MockRestServiceServerResetTestExecutionListener@761309ff, org.springframework.boot.test.autoconfigure.web.servlet.MockMvcPrintOnlyOnFailureTestExecutionListener@1c3dd21c, org.springframework.boot.test.autoconfigure.web.servlet.WebDriverTestExecutionListener@3f680e27, org.springframework.boot.test.mock.mockito.ResetMocksTestExecutionListener@26978e3d]

  .   ____          _            __ _ _
 /\\ / ___'_ __ _ _(_)_ __  __ _ \ \ \ \
( ( )\___ | '_ | '_| | '_ \/ _` | \ \ \ \
 \\/  ___)| |_)| | | | | || (_| |  ) ) ) )
  '  |____| .__|_| |_|_| |_\__, | / / / /
 =========|_|==============|___/=/_/_/_/
 :: Spring Boot ::        (v2.1.7.RELEASE)

2022-12-04 00:02:42.635  INFO 5728 --- [    Test worker] c.j.b.s.web.IndexControllerTest          : Starting IndexControllerTest on LAPTOP-0INIQ0TT with PID 5728 (started by zigzh in C:\Dev\boot-practice)
2022-12-04 00:02:42.635  INFO 5728 --- [    Test worker] c.j.b.s.web.IndexControllerTest          : No active profile set, falling back to default profiles: default
2022-12-04 00:02:42.879  INFO 5728 --- [    Test worker] .s.d.r.c.RepositoryConfigurationDelegate : Bootstrapping Spring Data repositories in DEFAULT mode.
2022-12-04 00:02:42.913  INFO 5728 --- [    Test worker] .s.d.r.c.RepositoryConfigurationDelegate : Finished Spring Data repository scanning in 34ms. Found 2 repository interfaces.
2022-12-04 00:02:43.015  INFO 5728 --- [    Test worker] trationDelegate$BeanPostProcessorChecker : Bean 'org.springframework.transaction.annotation.ProxyTransactionManagementConfiguration' of type [org.springframework.transaction.annotation.ProxyTransactionManagementConfiguration$$EnhancerBySpringCGLIB$$1629af54] is not eligible for getting processed by all BeanPostProcessors (for example: not eligible for auto-proxying)
2022-12-04 00:02:43.297  INFO 5728 --- [    Test worker] o.s.b.w.embedded.tomcat.TomcatWebServer  : Tomcat initialized with port(s): 0 (http)
2022-12-04 00:02:43.325  INFO 5728 --- [    Test worker] o.apache.catalina.core.StandardService   : Starting service [Tomcat]
2022-12-04 00:02:43.325  INFO 5728 --- [    Test worker] org.apache.catalina.core.StandardEngine  : Starting Servlet engine: [Apache Tomcat/9.0.22]
2022-12-04 00:02:43.495  INFO 5728 --- [    Test worker] o.a.c.c.C.[Tomcat].[localhost].[/]       : Initializing Spring embedded WebApplicationContext
2022-12-04 00:02:43.495  INFO 5728 --- [    Test worker] o.s.web.context.ContextLoader            : Root WebApplicationContext: initialization completed in 857 ms
2022-12-04 00:02:43.688  INFO 5728 --- [    Test worker] com.zaxxer.hikari.HikariDataSource       : HikariPool-2 - Starting...
2022-12-04 00:02:43.689  INFO 5728 --- [    Test worker] com.zaxxer.hikari.HikariDataSource       : HikariPool-2 - Start completed.
2022-12-04 00:02:43.734  INFO 5728 --- [    Test worker] o.hibernate.jpa.internal.util.LogHelper  : HHH000204: Processing PersistenceUnitInfo [
	name: default
	...]
2022-12-04 00:02:43.748  INFO 5728 --- [    Test worker] org.hibernate.dialect.Dialect            : HHH000400: Using dialect: org.hibernate.dialect.MySQL5InnoDBDialect
Hibernate: drop table if exists posts
Hibernate: drop table if exists user
Hibernate: create table posts (id bigint not null auto_increment, created_date datetime, modified_date datetime, author varchar(255), content TEXT not null, title varchar(500) not null, primary key (id)) engine=InnoDB
Hibernate: create table user (id bigint not null auto_increment, created_date datetime, modified_date datetime, email varchar(255) not null, name varchar(255) not null, picture varchar(255), role varchar(255) not null, primary key (id)) engine=InnoDB
2022-12-04 00:02:43.811  INFO 5728 --- [    Test worker] o.h.t.schema.internal.SchemaCreatorImpl  : HHH000476: Executing import script 'org.hibernate.tool.schema.internal.exec.ScriptSourceInputNonExistentImpl@2a7e146e'
2022-12-04 00:02:43.811  INFO 5728 --- [    Test worker] j.LocalContainerEntityManagerFactoryBean : Initialized JPA EntityManagerFactory for persistence unit 'default'
2022-12-04 00:02:44.139  INFO 5728 --- [    Test worker] o.h.h.i.QueryTranslatorFactoryInitiator  : HHH000397: Using ASTQueryTranslatorFactory
2022-12-04 00:02:44.297  INFO 5728 --- [    Test worker] o.s.s.web.DefaultSecurityFilterChain     : Creating filter chain: any request, [org.springframework.security.web.context.request.async.WebAsyncManagerIntegrationFilter@454917c7, org.springframework.security.web.context.SecurityContextPersistenceFilter@5d337a42, org.springframework.security.web.header.HeaderWriterFilter@5d6810df, org.springframework.security.web.authentication.logout.LogoutFilter@2ea3f86d, org.springframework.security.oauth2.client.web.OAuth2AuthorizationRequestRedirectFilter@6fa8cf9, org.springframework.security.oauth2.client.web.OAuth2LoginAuthenticationFilter@13b013f2, org.springframework.security.web.authentication.ui.DefaultLoginPageGeneratingFilter@68846e55, org.springframework.security.web.authentication.ui.DefaultLogoutPageGeneratingFilter@10a314a, org.springframework.security.web.savedrequest.RequestCacheAwareFilter@7de08107, org.springframework.security.web.servletapi.SecurityContextHolderAwareRequestFilter@6013888c, org.springframework.security.web.authentication.AnonymousAuthenticationFilter@53c5e8d6, org.springframework.security.web.session.SessionManagementFilter@3c36852e, org.springframework.security.web.access.ExceptionTranslationFilter@40ec03e0, org.springframework.security.web.access.intercept.FilterSecurityInterceptor@1e0b519d]
2022-12-04 00:02:44.485  INFO 5728 --- [    Test worker] o.s.s.concurrent.ThreadPoolTaskExecutor  : Initializing ExecutorService 'applicationTaskExecutor'
2022-12-04 00:02:44.498  WARN 5728 --- [    Test worker] aWebConfiguration$JpaWebMvcConfiguration : spring.jpa.open-in-view is enabled by default. Therefore, database queries may be performed during view rendering. Explicitly configure spring.jpa.open-in-view to disable this warning
2022-12-04 00:02:44.526  INFO 5728 --- [    Test worker] o.s.b.a.w.s.WelcomePageHandlerMapping    : Adding welcome page template: index
2022-12-04 00:02:44.813  INFO 5728 --- [    Test worker] s.a.ScheduledAnnotationBeanPostProcessor : No TaskScheduler/ScheduledExecutorService bean found for scheduled processing
2022-12-04 00:02:44.832  INFO 5728 --- [    Test worker] o.s.b.w.embedded.tomcat.TomcatWebServer  : Tomcat started on port(s): 52027 (http) with context path ''
2022-12-04 00:02:44.833  INFO 5728 --- [    Test worker] c.j.b.s.web.IndexControllerTest          : Started IndexControllerTest in 2.24 seconds (JVM running for 11.424)
2022-12-04 00:02:44.914  INFO 5728 --- [o-auto-1-exec-1] o.a.c.c.C.[Tomcat].[localhost].[/]       : Initializing Spring DispatcherServlet 'dispatcherServlet'
2022-12-04 00:02:44.914  INFO 5728 --- [o-auto-1-exec-1] o.s.web.servlet.DispatcherServlet        : Initializing Servlet 'dispatcherServlet'
2022-12-04 00:02:44.930  INFO 5728 --- [o-auto-1-exec-1] o.s.web.servlet.DispatcherServlet        : Completed initialization in 16 ms
Hibernate: select posts0_.id as id1_0_, posts0_.created_date as created_2_0_, posts0_.modified_date as modified3_0_, posts0_.author as author4_0_, posts0_.content as content5_0_, posts0_.title as title6_0_ from posts posts0_ order by posts0_.id DESC
]]></system-out>
  <system-err><![CDATA[]]></system-err>
</testsuite>
